[2020-04-14 19:43:55] [info] Start Program:
Path:"C:\\Users\\Cosmin\\Desktop\\Facultate\\Sem 2\\DSA\\Lab2\\Project1\\Debug\\Project1.exe"
Arguments:
Working directory: "C:\\Users\\Cosmin\\Desktop\\Facultate\\Sem 2\\DSA\\Lab2\\Project1\\Project1\\"
Modules: Selected: C:\Users\Cosmin\Desktop\Facultate\Sem 2\DSA\Lab2\Project1\Debug\Project1.exe Excluded: 
Sources: Selected: C:\Users\Cosmin\Desktop\Facultate\Sem 2\DSA\Lab2\Project1\Project1 Excluded: 
Log Level: Normal
Cover Children: 0
Aggregate by file: 1
Continue after C++ exception: 0
Optimized build support: 0
Export: binary C:\Users\Cosmin\AppData\Local\Temp\oe5l15rj.cyh 
Input coverage: 
Unified diff: 
Excluded line regular expressions: 
Substitute pdb source paths: 

[2020-04-14 19:43:55] [info] Module: C:\Users\Cosmin\Desktop\Facultate\Sem 2\DSA\Lab2\Project1\Debug\Project1.exe is selected because it matches selected pattern: C:\Users\Cosmin\Desktop\Facultate\Sem 2\DSA\Lab2\Project1\Debug\Project1.exe
[2020-04-14 19:44:05] [info] ----------------------------------------------------
[2020-04-14 19:44:05] [info] Coverage binary generated in file: C:\Users\Cosmin\AppData\Local\Temp\oe5l15rj.cyh
[2020-04-14 19:44:05] [info] ----------------------------------------------------
